<?xml version="1.0" encoding="UTF-8"?>
<!-- Generated by org.testng.reporters.JUnitReportReporter -->
<testsuite hostname="bcaccabafaedafccebbdecffdbebeccaae-0" failures="0" tests="3" name="runner.Testcase1" time="21.486" errors="0" timestamp="2023-09-14T07:03:41 UTC" skipped="0">
  <testcase classname="runner.Testcase1" name="Register" time="12.330"/>
  <testcase classname="runner.Testcase1" name="Valid_Login_TC" time="4.681"/>
  <testcase classname="runner.Testcase1" name="TC_Vote_003" time="4.475"/>
</testsuite> <!-- runner.Testcase1 -->
